<?xml version="1.0" encoding="UTF-8"?>
<!-- Generated by org.testng.reporters.JUnitReportReporter -->
<testsuite hostname="HP" failures="0" tests="1" name="com.ss.testscripts.CustomerModule" time="0.023" errors="0" timestamp="2023-06-07T11:20:34 IST" skipped="0">
  <testcase classname="com.ss.testscripts.CustomerModule" name="createCust" time="0.023"/>
  <system-out>
    <![CDATA[Create Customer]]>
  </system-out>
</testsuite> <!-- com.ss.testscripts.CustomerModule -->
